<?xml version="1.0" encoding="UTF-8"?>
<coverage generated="1714277825672" clover="3.2.0">
  <project timestamp="1714277825673" name="All files">
    <metrics statements="15" coveredstatements="15" conditionals="7" coveredconditionals="7" methods="7" coveredmethods="7" elements="29" coveredelements="29" complexity="0" loc="15" ncloc="15" packages="1" files="1" classes="1"/>
    <file name="index.tsx" path="D:\Projects\hooks\src\hooks\useCounter\index.tsx">
      <metrics statements="15" coveredstatements="15" conditionals="7" coveredconditionals="7" methods="7" coveredmethods="7"/>
      <line num="1" count="1" type="stmt"/>
      <line num="2" count="1" type="cond" truecount="2" falsecount="0"/>
      <line num="3" count="15" type="stmt"/>
      <line num="5" count="15" type="cond" truecount="1" falsecount="0"/>
      <line num="6" count="3" type="stmt"/>
      <line num="9" count="15" type="cond" truecount="1" falsecount="0"/>
      <line num="10" count="3" type="cond" truecount="3" falsecount="0"/>
      <line num="11" count="1" type="stmt"/>
      <line num="13" count="2" type="stmt"/>
      <line num="16" count="15" type="stmt"/>
      <line num="17" count="1" type="stmt"/>
      <line num="20" count="15" type="stmt"/>
      <line num="21" count="1" type="stmt"/>
      <line num="24" count="15" type="stmt"/>
      <line num="33" count="1" type="stmt"/>
    </file>
  </project>
</coverage>
