{"D:\\Projects\\hooks\\src\\hooks\\useCounter\\index.tsx": {"path":"D:\\Projects\\hooks\\src\\hooks\\useCounter\\index.tsx","statementMap":{"0":{"start":{"line":1,"column":0},"end":{"line":1,"column":32}},"1":{"start":{"line":2,"column":19},"end":{"line":31,"column":1}},"2":{"start":{"line":3,"column":31},"end":{"line":3,"column":53}},"3":{"start":{"line":5,"column":19},"end":{"line":7,"column":2}},"4":{"start":{"line":6,"column":2},"end":{"line":6,"column":null}},"5":{"start":{"line":6,"column":24},"end":{"line":6,"column":39}},"6":{"start":{"line":9,"column":19},"end":{"line":14,"column":2}},"7":{"start":{"line":10,"column":2},"end":{"line":12,"column":3}},"8":{"start":{"line":11,"column":3},"end":{"line":11,"column":9}},"9":{"start":{"line":13,"column":2},"end":{"line":13,"column":null}},"10":{"start":{"line":13,"column":24},"end":{"line":13,"column":39}},"11":{"start":{"line":16,"column":15},"end":{"line":18,"column":2}},"12":{"start":{"line":17,"column":2},"end":{"line":17,"column":null}},"13":{"start":{"line":20,"column":18},"end":{"line":22,"column":2}},"14":{"start":{"line":21,"column":2},"end":{"line":21,"column":null}},"15":{"start":{"line":24,"column":1},"end":{"line":30,"column":null}},"16":{"start":{"line":33,"column":0},"end":{"line":33,"column":null}}},"fnMap":{"0":{"name":"(anonymous_0)","decl":{"start":{"line":2,"column":19},"end":{"line":2,"column":20}},"loc":{"start":{"line":2,"column":62},"end":{"line":31,"column":1}}},"1":{"name":"(anonymous_1)","decl":{"start":{"line":5,"column":19},"end":{"line":5,"column":20}},"loc":{"start":{"line":5,"column":33},"end":{"line":7,"column":2}}},"2":{"name":"(anonymous_2)","decl":{"start":{"line":6,"column":13},"end":{"line":6,"column":20}},"loc":{"start":{"line":6,"column":24},"end":{"line":6,"column":39}}},"3":{"name":"(anonymous_3)","decl":{"start":{"line":9,"column":19},"end":{"line":9,"column":20}},"loc":{"start":{"line":9,"column":33},"end":{"line":14,"column":2}}},"4":{"name":"(anonymous_4)","decl":{"start":{"line":13,"column":13},"end":{"line":13,"column":20}},"loc":{"start":{"line":13,"column":24},"end":{"line":13,"column":39}}},"5":{"name":"(anonymous_5)","decl":{"start":{"line":16,"column":15},"end":{"line":16,"column":18}},"loc":{"start":{"line":16,"column":20},"end":{"line":18,"column":2}}},"6":{"name":"(anonymous_6)","decl":{"start":{"line":20,"column":18},"end":{"line":20,"column":19}},"loc":{"start":{"line":20,"column":36},"end":{"line":22,"column":2}}}},"branchMap":{"0":{"loc":{"start":{"line":2,"column":20},"end":{"line":2,"column":36}},"type":"default-arg","locations":[{"start":{"line":2,"column":35},"end":{"line":2,"column":36}}]},"1":{"loc":{"start":{"line":2,"column":38},"end":{"line":2,"column":58}},"type":"default-arg","locations":[{"start":{"line":2,"column":53},"end":{"line":2,"column":58}}]},"2":{"loc":{"start":{"line":5,"column":20},"end":{"line":5,"column":29}},"type":"default-arg","locations":[{"start":{"line":5,"column":28},"end":{"line":5,"column":29}}]},"3":{"loc":{"start":{"line":9,"column":20},"end":{"line":9,"column":29}},"type":"default-arg","locations":[{"start":{"line":9,"column":28},"end":{"line":9,"column":29}}]},"4":{"loc":{"start":{"line":10,"column":2},"end":{"line":12,"column":3}},"type":"if","locations":[{"start":{"line":10,"column":2},"end":{"line":12,"column":3}}]},"5":{"loc":{"start":{"line":10,"column":6},"end":{"line":10,"column":42}},"type":"binary-expr","locations":[{"start":{"line":10,"column":6},"end":{"line":10,"column":19}},{"start":{"line":10,"column":23},"end":{"line":10,"column":42}}]}},"s":{"0":1,"1":1,"2":15,"3":15,"4":3,"5":3,"6":15,"7":3,"8":1,"9":2,"10":2,"11":15,"12":1,"13":15,"14":1,"15":15,"16":1},"f":{"0":15,"1":3,"2":3,"3":3,"4":2,"5":1,"6":1},"b":{"0":[7],"1":[14],"2":[2],"3":[2],"4":[1],"5":[3,3]}}
}
