TN:
SF:src\hooks\useCounter\index.tsx
FN:2,(anonymous_0)
FN:5,(anonymous_1)
FN:6,(anonymous_2)
FN:9,(anonymous_3)
FN:13,(anonymous_4)
FN:16,(anonymous_5)
FN:20,(anonymous_6)
FNF:7
FNH:7
FNDA:15,(anonymous_0)
FNDA:3,(anonymous_1)
FNDA:3,(anonymous_2)
FNDA:3,(anonymous_3)
FNDA:2,(anonymous_4)
FNDA:1,(anonymous_5)
FNDA:1,(anonymous_6)
DA:1,1
DA:2,1
DA:3,15
DA:5,15
DA:6,3
DA:9,15
DA:10,3
DA:11,1
DA:13,2
DA:16,15
DA:17,1
DA:20,15
DA:21,1
DA:24,15
DA:33,1
LF:15
LH:15
BRDA:2,0,0,7
BRDA:2,1,0,14
BRDA:5,2,0,2
BRDA:9,3,0,2
BRDA:10,4,0,1
BRDA:10,5,0,3
BRDA:10,5,1,3
BRF:7
BRH:7
end_of_record
